{
  "RSpec": {
    "coverage": {
      "/Users/camilla/Desktop/Makers/week10/bank-tech-test-ruby/lib/account.rb": {
        "lines": [
          null,
          null,
          1,
          1,
          1,
          1,
          null,
          1,
          1,
          null,
          1,
          null,
          1,
          7,
          7,
          null,
          null,
          1,
          6,
          null,
          null,
          1,
          7,
          null,
          null,
          1,
          3,
          null,
          null,
          1,
          4,
          4,
          4,
          4,
          null,
          null,
          1,
          2,
          2,
          null,
          1,
          1,
          null,
          1,
          null,
          null
        ]
      },
      "/Users/camilla/Desktop/Makers/week10/bank-tech-test-ruby/lib/statement.rb": {
        "lines": [
          1,
          null,
          1,
          null,
          1,
          0,
          0,
          0,
          0,
          0,
          null,
          null,
          1,
          0,
          null,
          null,
          1,
          null,
          0,
          0,
          0,
          0,
          null,
          null,
          null
        ]
      },
      "/Users/camilla/Desktop/Makers/week10/bank-tech-test-ruby/spec/statement_spec.rb": {
        "lines": [
          null,
          null,
          1,
          1,
          1,
          null,
          1,
          1,
          1,
          1,
          null,
          1,
          1,
          null,
          null,
          1,
          1,
          1,
          null,
          null
        ]
      }
    },
    "timestamp": 1628182049
  }
}
